<?xml version="1.0" encoding="UTF-8"?>
<testsuite xmlns:xsi="http://www.w3.org/2001/XMLSchema-instance" xsi:noNamespaceSchemaLocation="https://maven.apache.org/surefire/maven-surefire-plugin/xsd/surefire-test-report.xsd" name="compiladores.AppTest" time="0.048" tests="1" errors="0" skipped="0" failures="0">
  <properties>
    <property name="java.specification.version" value="19"/>
    <property name="sun.cpu.isalist" value="amd64"/>
    <property name="sun.jnu.encoding" value="Cp1252"/>
    <property name="java.class.path" value="F:\Faculdade\Periodo 2023-1\Compiladores\Trabalho 3 - PH\philipe_sintatico\target\test-classes;F:\Faculdade\Periodo 2023-1\Compiladores\Trabalho 3 - PH\philipe_sintatico\target\classes;C:\Users\PH\.m2\repository\junit\junit\4.11\junit-4.11.jar;C:\Users\PH\.m2\repository\org\hamcrest\hamcrest-core\1.3\hamcrest-core-1.3.jar;"/>
    <property name="java.vm.vendor" value="Amazon.com Inc."/>
    <property name="sun.arch.data.model" value="64"/>
    <property name="user.variant" value=""/>
    <property name="java.vendor.url" value="https://aws.amazon.com/corretto/"/>
    <property name="user.timezone" value="America/Sao_Paulo"/>
    <property name="os.name" value="Windows 10"/>
    <property name="java.vm.specification.version" value="19"/>
    <property name="sun.java.launcher" value="SUN_STANDARD"/>
    <property name="user.country" value="BR"/>
    <property name="sun.boot.library.path" value="C:\Users\PH\.jdks\corretto-19.0.2\bin"/>
    <property name="sun.java.command" value="C:\Users\PH\AppData\Local\Temp\surefire4863432224058920829\surefirebooter3037679517652712496.jar C:\Users\PH\AppData\Local\Temp\surefire4863432224058920829 2023-07-12T17-22-01_328-jvmRun1 surefire13236246437192439155tmp surefire_015393044278442774556tmp"/>
    <property name="jdk.debug" value="release"/>
    <property name="surefire.test.class.path" value="F:\Faculdade\Periodo 2023-1\Compiladores\Trabalho 3 - PH\philipe_sintatico\target\test-classes;F:\Faculdade\Periodo 2023-1\Compiladores\Trabalho 3 - PH\philipe_sintatico\target\classes;C:\Users\PH\.m2\repository\junit\junit\4.11\junit-4.11.jar;C:\Users\PH\.m2\repository\org\hamcrest\hamcrest-core\1.3\hamcrest-core-1.3.jar;"/>
    <property name="sun.cpu.endian" value="little"/>
    <property name="user.home" value="C:\Users\PH"/>
    <property name="user.language" value="pt"/>
    <property name="java.specification.vendor" value="Oracle Corporation"/>
    <property name="java.version.date" value="2023-01-17"/>
    <property name="java.home" value="C:\Users\PH\.jdks\corretto-19.0.2"/>
    <property name="file.separator" value="\"/>
    <property name="basedir" value="F:\Faculdade\Periodo 2023-1\Compiladores\Trabalho 3 - PH\philipe_sintatico"/>
    <property name="java.vm.compressedOopsMode" value="Zero based"/>
    <property name="line.separator" value="&#10;"/>
    <property name="java.vm.specification.vendor" value="Oracle Corporation"/>
    <property name="java.specification.name" value="Java Platform API Specification"/>
    <property name="surefire.real.class.path" value="C:\Users\PH\AppData\Local\Temp\surefire4863432224058920829\surefirebooter3037679517652712496.jar"/>
    <property name="user.script" value=""/>
    <property name="sun.management.compiler" value="HotSpot 64-Bit Tiered Compilers"/>
    <property name="java.runtime.version" value="19.0.2+7-FR"/>
    <property name="user.name" value="PH"/>
    <property name="stdout.encoding" value="Cp1252"/>
    <property name="path.separator" value=";"/>
    <property name="os.version" value="10.0"/>
    <property name="java.runtime.name" value="OpenJDK Runtime Environment"/>
    <property name="file.encoding" value="UTF-8"/>
    <property name="java.vm.name" value="OpenJDK 64-Bit Server VM"/>
    <property name="java.vendor.version" value="Corretto-19.0.2.7.1"/>
    <property name="localRepository" value="C:\Users\PH\.m2\repository"/>
    <property name="java.vendor.url.bug" value="https://github.com/corretto/corretto-19/issues/"/>
    <property name="java.io.tmpdir" value="C:\Users\PH\AppData\Local\Temp\"/>
    <property name="idea.version" value="2023.1.3"/>
    <property name="java.version" value="19.0.2"/>
    <property name="user.dir" value="F:\Faculdade\Periodo 2023-1\Compiladores\Trabalho 3 - PH\philipe_sintatico"/>
    <property name="os.arch" value="amd64"/>
    <property name="java.vm.specification.name" value="Java Virtual Machine Specification"/>
    <property name="sun.os.patch.level" value=""/>
    <property name="native.encoding" value="Cp1252"/>
    <property name="java.library.path" value="C:\Users\PH\.jdks\corretto-19.0.2\bin;C:\WINDOWS\Sun\Java\bin;C:\WINDOWS\system32;C:\WINDOWS;C:\Program Files\Eclipse Adoptium\jdk-17.0.7.7-hotspot\bin;C:\WINDOWS\system32;C:\WINDOWS;C:\WINDOWS\System32\Wbem;C:\WINDOWS\System32\WindowsPowerShell\v1.0\;C:\WINDOWS\System32\OpenSSH\;D:\Documentos\Softwares 2020-2\Brackets\command;C:\Program Files\Java\jdk-14.0.2\bin;D:\Documentos\Periodo 2020-2\Softwares 2020-2\apache-maven-3.6.3-bin\apache-maven-3.6.3\bin;C:\Program Files\dotnet\;F:\Arquivos de Programas (F)\PICC;F:\Arquivos de Programas (F)\Internals\msys\bin;C:\Program Files\NVIDIA Corporation\NVIDIA NvDLISR;C:\Program Files (x86)\NVIDIA Corporation\PhysX\Common;C:\Users\PH\AppData\Roaming\nvm;C:\Program Files\nodejs;C:\Program Files\Git\cmd;C:\Program Files\Amazon\AWSCLIV2\;C:\Program Files (x86)\AMD\ATI.ACE\Core-Static;C:\Program Files\Docker\Docker\resources\bin;C:\ProgramData\DockerDesktop\version-bin;C:\Users\PH\.pyenv\pyenv-win\bin;C:\Users\PH\.pyenv\pyenv-win\shims;C:\Users\PH\.pyenv\pyenv-win\bin;C:\Users\PH\.pyenv\pyenv-win\shims;C:\Users\PH\AppData\Local\Programs\Python\Python311\Scripts\;C:\Users\PH\AppData\Local\Programs\Python\Python311\;C:\Users\PH\AppData\Local\Programs\Python\Python310\Scripts\;C:\Users\PH\AppData\Local\Programs\Python\Python310\;C:\Users\PH\AppData\Local\Microsoft\WindowsApps;C:\Users\PH\AppData\Local\Programs\Microsoft VS Code\bin;C:\apache-mave-3.6.3\apache-maven-3.6.3-bin\apache-maven-3.6.3\bin;C:\src\flutter_windows_2.0.5-stable\flutter\bin;C:\Users\PH\.dotnet\tools;C:\Users\PH\AppData\Roaming\nvm;C:\Program Files\nodejs;."/>
    <property name="java.vm.info" value="mixed mode, sharing"/>
    <property name="stderr.encoding" value="Cp1252"/>
    <property name="java.vendor" value="Amazon.com Inc."/>
    <property name="java.vm.version" value="19.0.2+7-FR"/>
    <property name="sun.io.unicode.encoding" value="UnicodeLittle"/>
    <property name="java.class.version" value="63.0"/>
  </properties>
  <testcase name="shouldAnswerWithTrue" classname="compiladores.AppTest" time="0.005"/>
</testsuite>